<?xml version="1.0" encoding="UTF-8"?>
<coverage generated="1661330516">
  <project timestamp="1661330516">
    <file name="/Users/sr/razorpay/opencensus-php-exporter-jaeger/src/Installer.php">
      <class name="OpenCensus\Trace\Exporter\Installer" namespace="global">
        <metrics complexity="3" methods="1" coveredmethods="0" conditionals="0" coveredconditionals="0" statements="2" coveredstatements="0" elements="3" coveredelements="0"/>
      </class>
      <line num="7" type="method" name="checkPhpExtDependency" visibility="public" complexity="3" crap="12" count="0"/>
      <line num="9" type="stmt" count="0"/>
      <line num="10" type="stmt" count="0"/>
      <metrics loc="15" ncloc="15" classes="1" methods="1" coveredmethods="0" conditionals="0" coveredconditionals="0" statements="2" coveredstatements="0" elements="3" coveredelements="0"/>
    </file>
    <file name="/Users/sr/razorpay/opencensus-php-exporter-jaeger/src/Jaeger/HexdecConverter.php">
      <class name="OpenCensus\Trace\Exporter\Jaeger\HexdecConverter" namespace="global">
        <metrics complexity="3" methods="1" coveredmethods="1" conditionals="0" coveredconditionals="0" statements="7" coveredstatements="7" elements="8" coveredelements="8"/>
      </class>
      <line num="38" type="method" name="convert" visibility="public" complexity="3" crap="3" count="18"/>
      <line num="40" type="stmt" count="18"/>
      <line num="41" type="stmt" count="18"/>
      <line num="42" type="stmt" count="18"/>
      <line num="43" type="stmt" count="18"/>
      <line num="45" type="stmt" count="18"/>
      <line num="46" type="stmt" count="4"/>
      <line num="48" type="stmt" count="18"/>
      <metrics loc="51" ncloc="25" classes="1" methods="1" coveredmethods="1" conditionals="0" coveredconditionals="0" statements="7" coveredstatements="7" elements="8" coveredelements="8"/>
    </file>
    <file name="/Users/sr/razorpay/opencensus-php-exporter-jaeger/src/Jaeger/HexdecConverterBcMath.php">
      <class name="OpenCensus\Trace\Exporter\Jaeger\HexdecConverterBcMath" namespace="global">
        <metrics complexity="3" methods="1" coveredmethods="1" conditionals="0" coveredconditionals="0" statements="7" coveredstatements="7" elements="8" coveredelements="8"/>
      </class>
      <line num="38" type="method" name="convert" visibility="public" complexity="3" crap="3" count="9"/>
      <line num="40" type="stmt" count="9"/>
      <line num="41" type="stmt" count="9"/>
      <line num="42" type="stmt" count="9"/>
      <line num="43" type="stmt" count="9"/>
      <line num="45" type="stmt" count="9"/>
      <line num="46" type="stmt" count="2"/>
      <line num="48" type="stmt" count="9"/>
      <metrics loc="51" ncloc="25" classes="1" methods="1" coveredmethods="1" conditionals="0" coveredconditionals="0" statements="7" coveredstatements="7" elements="8" coveredelements="8"/>
    </file>
    <file name="/Users/sr/razorpay/opencensus-php-exporter-jaeger/src/Jaeger/HexdecConverterInterface.php">
      <metrics loc="34" ncloc="9" classes="0" methods="0" coveredmethods="0" conditionals="0" coveredconditionals="0" statements="0" coveredstatements="0" elements="0" coveredelements="0"/>
    </file>
    <file name="/Users/sr/razorpay/opencensus-php-exporter-jaeger/src/Jaeger/SpanConverter.php">
      <class name="OpenCensus\Trace\Exporter\Jaeger\SpanConverter" namespace="global">
        <metrics complexity="12" methods="8" coveredmethods="8" conditionals="0" coveredconditionals="0" statements="40" coveredstatements="40" elements="48" coveredelements="48"/>
      </class>
      <line num="20" type="stmt" count="1"/>
      <line num="51" type="method" name="__construct" visibility="public" complexity="2" crap="2" count="30"/>
      <line num="53" type="stmt" count="30"/>
      <line num="62" type="method" name="convertSpan" visibility="public" complexity="1" crap="1" count="27"/>
      <line num="64" type="stmt" count="27"/>
      <line num="65" type="stmt" count="27"/>
      <line num="66" type="stmt" count="27"/>
      <line num="67" type="stmt" count="27"/>
      <line num="68" type="stmt" count="27"/>
      <line num="70" type="stmt" count="27"/>
      <line num="75" type="stmt" count="27"/>
      <line num="79" type="stmt" count="27"/>
      <line num="80" type="stmt" count="27"/>
      <line num="81" type="stmt" count="27"/>
      <line num="88" type="method" name="convertTags" visibility="public" complexity="2" crap="2" count="30"/>
      <line num="90" type="stmt" count="30"/>
      <line num="91" type="stmt" count="30"/>
      <line num="92" type="stmt" count="6"/>
      <line num="93" type="stmt" count="6"/>
      <line num="95" type="stmt" count="6"/>
      <line num="98" type="stmt" count="30"/>
      <line num="106" type="method" name="convertLogs" visibility="private" complexity="3" crap="3" count="27"/>
      <line num="108" type="stmt" count="27"/>
      <line num="109" type="stmt" count="3"/>
      <line num="110" type="stmt" count="3"/>
      <line num="111" type="stmt" count="3"/>
      <line num="112" type="stmt" count="3"/>
      <line num="123" type="method" name="convertAnnotation" visibility="private" complexity="1" crap="1" count="3"/>
      <line num="125" type="stmt" count="3"/>
      <line num="126" type="stmt" count="3"/>
      <line num="127" type="stmt" count="3"/>
      <line num="128" type="stmt" count="3"/>
      <line num="138" type="method" name="convertMessageEvent" visibility="private" complexity="1" crap="1" count="3"/>
      <line num="140" type="stmt" count="3"/>
      <line num="141" type="stmt" count="3"/>
      <line num="142" type="stmt" count="3"/>
      <line num="143" type="stmt" count="3"/>
      <line num="144" type="stmt" count="3"/>
      <line num="145" type="stmt" count="3"/>
      <line num="146" type="stmt" count="3"/>
      <line num="154" type="method" name="convertTimestamp" visibility="private" complexity="1" crap="1" count="27"/>
      <line num="156" type="stmt" count="27"/>
      <line num="166" type="method" name="convertTraceId" visibility="private" complexity="1" crap="1" count="27"/>
      <line num="168" type="stmt" count="27"/>
      <line num="169" type="stmt" count="27"/>
      <line num="170" type="stmt" count="27"/>
      <line num="171" type="stmt" count="27"/>
      <line num="172" type="stmt" count="27"/>
      <line num="173" type="stmt" count="27"/>
      <metrics loc="184" ncloc="120" classes="1" methods="8" coveredmethods="8" conditionals="0" coveredconditionals="0" statements="41" coveredstatements="41" elements="49" coveredelements="49"/>
    </file>
    <file name="/Users/sr/razorpay/opencensus-php-exporter-jaeger/src/Jaeger/UDPClient.php">
      <class name="OpenCensus\Trace\Exporter\Jaeger\UDPClient" namespace="global">
        <metrics complexity="6" methods="3" coveredmethods="1" conditionals="0" coveredconditionals="0" statements="19" coveredstatements="17" elements="22" coveredelements="18"/>
      </class>
      <line num="20" type="stmt" count="1"/>
      <line num="21" type="stmt" count="1"/>
      <line num="55" type="method" name="__construct" visibility="public" complexity="1" crap="1" count="1"/>
      <line num="57" type="stmt" count="1"/>
      <line num="58" type="stmt" count="1"/>
      <line num="64" type="method" name="emitZipkinBatch" visibility="public" complexity="1" crap="2" count="0"/>
      <line num="67" type="stmt" count="0"/>
      <line num="75" type="method" name="emitBatch" visibility="public" complexity="4" crap="4.00" count="1"/>
      <line num="77" type="stmt" count="1"/>
      <line num="78" type="stmt" count="1"/>
      <line num="79" type="stmt" count="0"/>
      <line num="84" type="stmt" count="1"/>
      <line num="85" type="stmt" count="1"/>
      <line num="86" type="stmt" count="1"/>
      <line num="88" type="stmt" count="1"/>
      <line num="91" type="stmt" count="1"/>
      <line num="92" type="stmt" count="1"/>
      <line num="93" type="stmt" count="1"/>
      <line num="96" type="stmt" count="1"/>
      <line num="97" type="stmt" count="1"/>
      <line num="98" type="stmt" count="1"/>
      <line num="99" type="stmt" count="1"/>
      <line num="102" type="stmt" count="1"/>
      <line num="103" type="stmt" count="1"/>
      <metrics loc="107" ncloc="61" classes="1" methods="3" coveredmethods="1" conditionals="0" coveredconditionals="0" statements="21" coveredstatements="19" elements="24" coveredelements="20"/>
    </file>
    <file name="/Users/sr/razorpay/opencensus-php-exporter-jaeger/src/JaegerExporter.php">
      <class name="OpenCensus\Trace\Exporter\JaegerExporter" namespace="global">
        <metrics complexity="5" methods="2" coveredmethods="2" conditionals="0" coveredconditionals="0" statements="14" coveredstatements="14" elements="16" coveredelements="16"/>
      </class>
      <line num="20" type="stmt" count="1"/>
      <line num="21" type="stmt" count="1"/>
      <line num="74" type="method" name="__construct" visibility="public" complexity="2" crap="2" count="6"/>
      <line num="82" type="stmt" count="6"/>
      <line num="83" type="stmt" count="6"/>
      <line num="84" type="stmt" count="6"/>
      <line num="85" type="stmt" count="6"/>
      <line num="87" type="stmt" count="6"/>
      <line num="89" type="stmt" count="6"/>
      <line num="98" type="method" name="export" visibility="public" complexity="3" crap="3" count="6"/>
      <line num="100" type="stmt" count="6"/>
      <line num="101" type="stmt" count="3"/>
      <line num="104" type="stmt" count="3"/>
      <line num="105" type="stmt" count="3"/>
      <line num="106" type="stmt" count="3"/>
      <line num="107" type="stmt" count="3"/>
      <line num="110" type="stmt" count="3"/>
      <line num="111" type="stmt" count="3"/>
      <metrics loc="114" ncloc="61" classes="1" methods="2" coveredmethods="2" conditionals="0" coveredconditionals="0" statements="16" coveredstatements="16" elements="18" coveredelements="18"/>
    </file>
    <file name="/Users/sr/razorpay/opencensus-php-exporter-jaeger/src/Thrift/Agent.php">
      <class name="Jaeger\Thrift\Agent\AgentClient" namespace="global">
        <metrics complexity="10" methods="5" coveredmethods="2" conditionals="0" coveredconditionals="0" statements="22" coveredstatements="11" elements="27" coveredelements="13"/>
      </class>
      <class name="Jaeger\Thrift\Agent\Agent_emitZipkinBatch_args" namespace="global">
        <metrics complexity="15" methods="4" coveredmethods="0" conditionals="0" coveredconditionals="0" statements="46" coveredstatements="0" elements="50" coveredelements="0"/>
      </class>
      <class name="Jaeger\Thrift\Agent\Agent_emitBatch_args" namespace="global">
        <metrics complexity="13" methods="4" coveredmethods="0" conditionals="0" coveredconditionals="0" statements="35" coveredstatements="11" elements="39" coveredelements="11"/>
      </class>
      <line num="37" type="method" name="__construct" visibility="public" complexity="2" crap="2" count="1"/>
      <line num="38" type="stmt" count="1"/>
      <line num="39" type="stmt" count="1"/>
      <line num="42" type="method" name="emitZipkinBatch" visibility="public" complexity="1" crap="2" count="0"/>
      <line num="44" type="stmt" count="0"/>
      <line num="47" type="method" name="send_emitZipkinBatch" visibility="public" complexity="3" crap="12" count="0"/>
      <line num="49" type="stmt" count="0"/>
      <line num="50" type="stmt" count="0"/>
      <line num="51" type="stmt" count="0"/>
      <line num="52" type="stmt" count="0"/>
      <line num="54" type="stmt" count="0"/>
      <line num="58" type="stmt" count="0"/>
      <line num="59" type="stmt" count="0"/>
      <line num="60" type="stmt" count="0"/>
      <line num="61" type="stmt" count="0"/>
      <line num="64" type="method" name="emitBatch" visibility="public" complexity="1" crap="1" count="1"/>
      <line num="66" type="stmt" count="1"/>
      <line num="69" type="method" name="send_emitBatch" visibility="public" complexity="3" crap="3.01" count="1"/>
      <line num="71" type="stmt" count="1"/>
      <line num="72" type="stmt" count="1"/>
      <line num="73" type="stmt" count="1"/>
      <line num="74" type="stmt" count="1"/>
      <line num="76" type="stmt" count="0"/>
      <line num="80" type="stmt" count="1"/>
      <line num="81" type="stmt" count="1"/>
      <line num="82" type="stmt" count="1"/>
      <line num="83" type="stmt" count="1"/>
      <line num="112" type="method" name="__construct" visibility="public" complexity="3" crap="12" count="0"/>
      <line num="113" type="stmt" count="0"/>
      <line num="114" type="stmt" count="0"/>
      <line num="115" type="stmt" count="0"/>
      <line num="120" type="method" name="getName" visibility="public" complexity="1" crap="2" count="0"/>
      <line num="121" type="stmt" count="0"/>
      <line num="124" type="method" name="read" visibility="public" complexity="7" crap="56" count="0"/>
      <line num="126" type="stmt" count="0"/>
      <line num="127" type="stmt" count="0"/>
      <line num="128" type="stmt" count="0"/>
      <line num="129" type="stmt" count="0"/>
      <line num="130" type="stmt" count="0"/>
      <line num="131" type="stmt" count="0"/>
      <line num="133" type="stmt" count="0"/>
      <line num="134" type="stmt" count="0"/>
      <line num="135" type="stmt" count="0"/>
      <line num="139" type="stmt" count="0"/>
      <line num="140" type="stmt" count="0"/>
      <line num="141" type="stmt" count="0"/>
      <line num="142" type="stmt" count="0"/>
      <line num="143" type="stmt" count="0"/>
      <line num="144" type="stmt" count="0"/>
      <line num="145" type="stmt" count="0"/>
      <line num="147" type="stmt" count="0"/>
      <line num="148" type="stmt" count="0"/>
      <line num="149" type="stmt" count="0"/>
      <line num="150" type="stmt" count="0"/>
      <line num="152" type="stmt" count="0"/>
      <line num="154" type="stmt" count="0"/>
      <line num="156" type="stmt" count="0"/>
      <line num="158" type="stmt" count="0"/>
      <line num="159" type="stmt" count="0"/>
      <line num="161" type="stmt" count="0"/>
      <line num="163" type="stmt" count="0"/>
      <line num="164" type="stmt" count="0"/>
      <line num="167" type="method" name="write" visibility="public" complexity="4" crap="20" count="0"/>
      <line num="168" type="stmt" count="0"/>
      <line num="169" type="stmt" count="0"/>
      <line num="170" type="stmt" count="0"/>
      <line num="171" type="stmt" count="0"/>
      <line num="172" type="stmt" count="0"/>
      <line num="174" type="stmt" count="0"/>
      <line num="176" type="stmt" count="0"/>
      <line num="178" type="stmt" count="0"/>
      <line num="180" type="stmt" count="0"/>
      <line num="183" type="stmt" count="0"/>
      <line num="185" type="stmt" count="0"/>
      <line num="187" type="stmt" count="0"/>
      <line num="188" type="stmt" count="0"/>
      <line num="189" type="stmt" count="0"/>
      <line num="211" type="method" name="__construct" visibility="public" complexity="3" crap="5.67" count="1"/>
      <line num="212" type="stmt" count="1"/>
      <line num="213" type="stmt" count="0"/>
      <line num="214" type="stmt" count="0"/>
      <line num="219" type="method" name="getName" visibility="public" complexity="1" crap="2" count="0"/>
      <line num="220" type="stmt" count="0"/>
      <line num="223" type="method" name="read" visibility="public" complexity="6" crap="42" count="0"/>
      <line num="225" type="stmt" count="0"/>
      <line num="226" type="stmt" count="0"/>
      <line num="227" type="stmt" count="0"/>
      <line num="228" type="stmt" count="0"/>
      <line num="229" type="stmt" count="0"/>
      <line num="230" type="stmt" count="0"/>
      <line num="232" type="stmt" count="0"/>
      <line num="233" type="stmt" count="0"/>
      <line num="234" type="stmt" count="0"/>
      <line num="238" type="stmt" count="0"/>
      <line num="239" type="stmt" count="0"/>
      <line num="240" type="stmt" count="0"/>
      <line num="241" type="stmt" count="0"/>
      <line num="243" type="stmt" count="0"/>
      <line num="245" type="stmt" count="0"/>
      <line num="247" type="stmt" count="0"/>
      <line num="248" type="stmt" count="0"/>
      <line num="250" type="stmt" count="0"/>
      <line num="252" type="stmt" count="0"/>
      <line num="253" type="stmt" count="0"/>
      <line num="256" type="method" name="write" visibility="public" complexity="3" crap="3.01" count="1"/>
      <line num="257" type="stmt" count="1"/>
      <line num="258" type="stmt" count="1"/>
      <line num="259" type="stmt" count="1"/>
      <line num="260" type="stmt" count="1"/>
      <line num="261" type="stmt" count="0"/>
      <line num="263" type="stmt" count="1"/>
      <line num="264" type="stmt" count="1"/>
      <line num="265" type="stmt" count="1"/>
      <line num="267" type="stmt" count="1"/>
      <line num="268" type="stmt" count="1"/>
      <line num="269" type="stmt" count="1"/>
      <metrics loc="275" ncloc="256" classes="3" methods="13" coveredmethods="2" conditionals="0" coveredconditionals="0" statements="103" coveredstatements="22" elements="116" coveredelements="24"/>
    </file>
    <file name="/Users/sr/razorpay/opencensus-php-exporter-jaeger/src/Thrift/Types.php">
      <class name="Jaeger\Thrift\TagType" namespace="global">
        <metrics complexity="0" methods="0" coveredmethods="0" conditionals="0" coveredconditionals="0" statements="0" coveredstatements="0" elements="0" coveredelements="0"/>
      </class>
      <class name="Jaeger\Thrift\SpanRefType" namespace="global">
        <metrics complexity="0" methods="0" coveredmethods="0" conditionals="0" coveredconditionals="0" statements="0" coveredstatements="0" elements="0" coveredelements="0"/>
      </class>
      <class name="Jaeger\Thrift\Tag" namespace="global">
        <metrics complexity="36" methods="4" coveredmethods="0" conditionals="0" coveredconditionals="0" statements="99" coveredstatements="11" elements="103" coveredelements="11"/>
      </class>
      <class name="Jaeger\Thrift\Log" namespace="global">
        <metrics complexity="19" methods="4" coveredmethods="1" conditionals="0" coveredconditionals="0" statements="57" coveredstatements="5" elements="61" coveredelements="6"/>
      </class>
      <class name="Jaeger\Thrift\SpanRef" namespace="global">
        <metrics complexity="24" methods="4" coveredmethods="0" conditionals="0" coveredconditionals="0" statements="66" coveredstatements="0" elements="70" coveredelements="0"/>
      </class>
      <class name="Jaeger\Thrift\Span" namespace="global">
        <metrics complexity="61" methods="4" coveredmethods="1" conditionals="0" coveredconditionals="0" statements="185" coveredstatements="63" elements="189" coveredelements="64"/>
      </class>
      <class name="Jaeger\Thrift\Process" namespace="global">
        <metrics complexity="19" methods="4" coveredmethods="1" conditionals="0" coveredconditionals="0" statements="57" coveredstatements="15" elements="61" coveredelements="16"/>
      </class>
      <class name="Jaeger\Thrift\Batch" namespace="global">
        <metrics complexity="20" methods="4" coveredmethods="1" conditionals="0" coveredconditionals="0" statements="60" coveredstatements="23" elements="64" coveredelements="24"/>
      </class>
      <class name="Jaeger\Thrift\BatchSubmitResponse" namespace="global">
        <metrics complexity="12" methods="4" coveredmethods="0" conditionals="0" coveredconditionals="0" statements="32" coveredstatements="0" elements="36" coveredelements="0"/>
      </class>
      <line num="114" type="method" name="__construct" visibility="public" complexity="9" crap="10.54" count="6"/>
      <line num="115" type="stmt" count="6"/>
      <line num="116" type="stmt" count="6"/>
      <line num="117" type="stmt" count="6"/>
      <line num="119" type="stmt" count="6"/>
      <line num="120" type="stmt" count="6"/>
      <line num="122" type="stmt" count="6"/>
      <line num="123" type="stmt" count="6"/>
      <line num="125" type="stmt" count="6"/>
      <line num="126" type="stmt" count="0"/>
      <line num="128" type="stmt" count="6"/>
      <line num="129" type="stmt" count="0"/>
      <line num="131" type="stmt" count="6"/>
      <line num="132" type="stmt" count="0"/>
      <line num="134" type="stmt" count="6"/>
      <line num="135" type="stmt" count="0"/>
      <line num="140" type="method" name="getName" visibility="public" complexity="1" crap="2" count="0"/>
      <line num="141" type="stmt" count="0"/>
      <line num="144" type="method" name="read" visibility="public" complexity="18" crap="342" count="0"/>
      <line num="146" type="stmt" count="0"/>
      <line num="147" type="stmt" count="0"/>
      <line num="148" type="stmt" count="0"/>
      <line num="149" type="stmt" count="0"/>
      <line num="150" type="stmt" count="0"/>
      <line num="151" type="stmt" count="0"/>
      <line num="153" type="stmt" count="0"/>
      <line num="154" type="stmt" count="0"/>
      <line num="155" type="stmt" count="0"/>
      <line num="157" type="stmt" count="0"/>
      <line num="159" type="stmt" count="0"/>
      <line num="160" type="stmt" count="0"/>
      <line num="161" type="stmt" count="0"/>
      <line num="163" type="stmt" count="0"/>
      <line num="165" type="stmt" count="0"/>
      <line num="166" type="stmt" count="0"/>
      <line num="167" type="stmt" count="0"/>
      <line num="168" type="stmt" count="0"/>
      <line num="170" type="stmt" count="0"/>
      <line num="172" type="stmt" count="0"/>
      <line num="173" type="stmt" count="0"/>
      <line num="174" type="stmt" count="0"/>
      <line num="175" type="stmt" count="0"/>
      <line num="177" type="stmt" count="0"/>
      <line num="179" type="stmt" count="0"/>
      <line num="180" type="stmt" count="0"/>
      <line num="181" type="stmt" count="0"/>
      <line num="182" type="stmt" count="0"/>
      <line num="184" type="stmt" count="0"/>
      <line num="186" type="stmt" count="0"/>
      <line num="187" type="stmt" count="0"/>
      <line num="188" type="stmt" count="0"/>
      <line num="189" type="stmt" count="0"/>
      <line num="191" type="stmt" count="0"/>
      <line num="193" type="stmt" count="0"/>
      <line num="194" type="stmt" count="0"/>
      <line num="195" type="stmt" count="0"/>
      <line num="196" type="stmt" count="0"/>
      <line num="198" type="stmt" count="0"/>
      <line num="200" type="stmt" count="0"/>
      <line num="201" type="stmt" count="0"/>
      <line num="202" type="stmt" count="0"/>
      <line num="203" type="stmt" count="0"/>
      <line num="205" type="stmt" count="0"/>
      <line num="207" type="stmt" count="0"/>
      <line num="209" type="stmt" count="0"/>
      <line num="210" type="stmt" count="0"/>
      <line num="212" type="stmt" count="0"/>
      <line num="214" type="stmt" count="0"/>
      <line num="215" type="stmt" count="0"/>
      <line num="218" type="method" name="write" visibility="public" complexity="8" crap="72" count="0"/>
      <line num="219" type="stmt" count="0"/>
      <line num="220" type="stmt" count="0"/>
      <line num="221" type="stmt" count="0"/>
      <line num="222" type="stmt" count="0"/>
      <line num="223" type="stmt" count="0"/>
      <line num="224" type="stmt" count="0"/>
      <line num="226" type="stmt" count="0"/>
      <line num="227" type="stmt" count="0"/>
      <line num="228" type="stmt" count="0"/>
      <line num="229" type="stmt" count="0"/>
      <line num="231" type="stmt" count="0"/>
      <line num="232" type="stmt" count="0"/>
      <line num="233" type="stmt" count="0"/>
      <line num="234" type="stmt" count="0"/>
      <line num="236" type="stmt" count="0"/>
      <line num="237" type="stmt" count="0"/>
      <line num="238" type="stmt" count="0"/>
      <line num="239" type="stmt" count="0"/>
      <line num="241" type="stmt" count="0"/>
      <line num="242" type="stmt" count="0"/>
      <line num="243" type="stmt" count="0"/>
      <line num="244" type="stmt" count="0"/>
      <line num="246" type="stmt" count="0"/>
      <line num="247" type="stmt" count="0"/>
      <line num="248" type="stmt" count="0"/>
      <line num="249" type="stmt" count="0"/>
      <line num="251" type="stmt" count="0"/>
      <line num="252" type="stmt" count="0"/>
      <line num="253" type="stmt" count="0"/>
      <line num="254" type="stmt" count="0"/>
      <line num="256" type="stmt" count="0"/>
      <line num="257" type="stmt" count="0"/>
      <line num="258" type="stmt" count="0"/>
      <line num="293" type="method" name="__construct" visibility="public" complexity="4" crap="4" count="3"/>
      <line num="294" type="stmt" count="3"/>
      <line num="295" type="stmt" count="3"/>
      <line num="296" type="stmt" count="3"/>
      <line num="298" type="stmt" count="3"/>
      <line num="299" type="stmt" count="3"/>
      <line num="304" type="method" name="getName" visibility="public" complexity="1" crap="2" count="0"/>
      <line num="305" type="stmt" count="0"/>
      <line num="308" type="method" name="read" visibility="public" complexity="9" crap="90" count="0"/>
      <line num="310" type="stmt" count="0"/>
      <line num="311" type="stmt" count="0"/>
      <line num="312" type="stmt" count="0"/>
      <line num="313" type="stmt" count="0"/>
      <line num="314" type="stmt" count="0"/>
      <line num="315" type="stmt" count="0"/>
      <line num="317" type="stmt" count="0"/>
      <line num="318" type="stmt" count="0"/>
      <line num="319" type="stmt" count="0"/>
      <line num="323" type="stmt" count="0"/>
      <line num="324" type="stmt" count="0"/>
      <line num="325" type="stmt" count="0"/>
      <line num="327" type="stmt" count="0"/>
      <line num="329" type="stmt" count="0"/>
      <line num="330" type="stmt" count="0"/>
      <line num="331" type="stmt" count="0"/>
      <line num="332" type="stmt" count="0"/>
      <line num="333" type="stmt" count="0"/>
      <line num="334" type="stmt" count="0"/>
      <line num="335" type="stmt" count="0"/>
      <line num="336" type="stmt" count="0"/>
      <line num="338" type="stmt" count="0"/>
      <line num="339" type="stmt" count="0"/>
      <line num="340" type="stmt" count="0"/>
      <line num="341" type="stmt" count="0"/>
      <line num="343" type="stmt" count="0"/>
      <line num="345" type="stmt" count="0"/>
      <line num="347" type="stmt" count="0"/>
      <line num="349" type="stmt" count="0"/>
      <line num="350" type="stmt" count="0"/>
      <line num="352" type="stmt" count="0"/>
      <line num="354" type="stmt" count="0"/>
      <line num="355" type="stmt" count="0"/>
      <line num="358" type="method" name="write" visibility="public" complexity="5" crap="30" count="0"/>
      <line num="359" type="stmt" count="0"/>
      <line num="360" type="stmt" count="0"/>
      <line num="361" type="stmt" count="0"/>
      <line num="362" type="stmt" count="0"/>
      <line num="363" type="stmt" count="0"/>
      <line num="364" type="stmt" count="0"/>
      <line num="366" type="stmt" count="0"/>
      <line num="367" type="stmt" count="0"/>
      <line num="368" type="stmt" count="0"/>
      <line num="370" type="stmt" count="0"/>
      <line num="372" type="stmt" count="0"/>
      <line num="374" type="stmt" count="0"/>
      <line num="376" type="stmt" count="0"/>
      <line num="379" type="stmt" count="0"/>
      <line num="381" type="stmt" count="0"/>
      <line num="383" type="stmt" count="0"/>
      <line num="384" type="stmt" count="0"/>
      <line num="385" type="stmt" count="0"/>
      <line num="433" type="method" name="__construct" visibility="public" complexity="6" crap="42" count="0"/>
      <line num="434" type="stmt" count="0"/>
      <line num="435" type="stmt" count="0"/>
      <line num="436" type="stmt" count="0"/>
      <line num="438" type="stmt" count="0"/>
      <line num="439" type="stmt" count="0"/>
      <line num="441" type="stmt" count="0"/>
      <line num="442" type="stmt" count="0"/>
      <line num="444" type="stmt" count="0"/>
      <line num="445" type="stmt" count="0"/>
      <line num="450" type="method" name="getName" visibility="public" complexity="1" crap="2" count="0"/>
      <line num="451" type="stmt" count="0"/>
      <line num="454" type="method" name="read" visibility="public" complexity="12" crap="156" count="0"/>
      <line num="456" type="stmt" count="0"/>
      <line num="457" type="stmt" count="0"/>
      <line num="458" type="stmt" count="0"/>
      <line num="459" type="stmt" count="0"/>
      <line num="460" type="stmt" count="0"/>
      <line num="461" type="stmt" count="0"/>
      <line num="463" type="stmt" count="0"/>
      <line num="464" type="stmt" count="0"/>
      <line num="465" type="stmt" count="0"/>
      <line num="467" type="stmt" count="0"/>
      <line num="469" type="stmt" count="0"/>
      <line num="470" type="stmt" count="0"/>
      <line num="471" type="stmt" count="0"/>
      <line num="473" type="stmt" count="0"/>
      <line num="475" type="stmt" count="0"/>
      <line num="476" type="stmt" count="0"/>
      <line num="477" type="stmt" count="0"/>
      <line num="478" type="stmt" count="0"/>
      <line num="480" type="stmt" count="0"/>
      <line num="482" type="stmt" count="0"/>
      <line num="483" type="stmt" count="0"/>
      <line num="484" type="stmt" count="0"/>
      <line num="485" type="stmt" count="0"/>
      <line num="487" type="stmt" count="0"/>
      <line num="489" type="stmt" count="0"/>
      <line num="490" type="stmt" count="0"/>
      <line num="491" type="stmt" count="0"/>
      <line num="492" type="stmt" count="0"/>
      <line num="494" type="stmt" count="0"/>
      <line num="496" type="stmt" count="0"/>
      <line num="498" type="stmt" count="0"/>
      <line num="499" type="stmt" count="0"/>
      <line num="501" type="stmt" count="0"/>
      <line num="503" type="stmt" count="0"/>
      <line num="504" type="stmt" count="0"/>
      <line num="507" type="method" name="write" visibility="public" complexity="5" crap="30" count="0"/>
      <line num="508" type="stmt" count="0"/>
      <line num="509" type="stmt" count="0"/>
      <line num="510" type="stmt" count="0"/>
      <line num="511" type="stmt" count="0"/>
      <line num="512" type="stmt" count="0"/>
      <line num="513" type="stmt" count="0"/>
      <line num="515" type="stmt" count="0"/>
      <line num="516" type="stmt" count="0"/>
      <line num="517" type="stmt" count="0"/>
      <line num="518" type="stmt" count="0"/>
      <line num="520" type="stmt" count="0"/>
      <line num="521" type="stmt" count="0"/>
      <line num="522" type="stmt" count="0"/>
      <line num="523" type="stmt" count="0"/>
      <line num="525" type="stmt" count="0"/>
      <line num="526" type="stmt" count="0"/>
      <line num="527" type="stmt" count="0"/>
      <line num="528" type="stmt" count="0"/>
      <line num="530" type="stmt" count="0"/>
      <line num="531" type="stmt" count="0"/>
      <line num="532" type="stmt" count="0"/>
      <line num="658" type="method" name="__construct" visibility="public" complexity="13" crap="13" count="28"/>
      <line num="659" type="stmt" count="28"/>
      <line num="660" type="stmt" count="28"/>
      <line num="661" type="stmt" count="28"/>
      <line num="663" type="stmt" count="28"/>
      <line num="664" type="stmt" count="28"/>
      <line num="666" type="stmt" count="28"/>
      <line num="667" type="stmt" count="28"/>
      <line num="669" type="stmt" count="28"/>
      <line num="670" type="stmt" count="28"/>
      <line num="672" type="stmt" count="28"/>
      <line num="673" type="stmt" count="28"/>
      <line num="675" type="stmt" count="28"/>
      <line num="676" type="stmt" count="27"/>
      <line num="678" type="stmt" count="28"/>
      <line num="679" type="stmt" count="28"/>
      <line num="681" type="stmt" count="28"/>
      <line num="682" type="stmt" count="28"/>
      <line num="684" type="stmt" count="28"/>
      <line num="685" type="stmt" count="28"/>
      <line num="687" type="stmt" count="28"/>
      <line num="688" type="stmt" count="27"/>
      <line num="690" type="stmt" count="28"/>
      <line num="691" type="stmt" count="27"/>
      <line num="696" type="method" name="getName" visibility="public" complexity="1" crap="2" count="0"/>
      <line num="697" type="stmt" count="0"/>
      <line num="700" type="method" name="read" visibility="public" complexity="29" crap="870" count="0"/>
      <line num="702" type="stmt" count="0"/>
      <line num="703" type="stmt" count="0"/>
      <line num="704" type="stmt" count="0"/>
      <line num="705" type="stmt" count="0"/>
      <line num="706" type="stmt" count="0"/>
      <line num="707" type="stmt" count="0"/>
      <line num="709" type="stmt" count="0"/>
      <line num="710" type="stmt" count="0"/>
      <line num="711" type="stmt" count="0"/>
      <line num="713" type="stmt" count="0"/>
      <line num="715" type="stmt" count="0"/>
      <line num="716" type="stmt" count="0"/>
      <line num="717" type="stmt" count="0"/>
      <line num="719" type="stmt" count="0"/>
      <line num="721" type="stmt" count="0"/>
      <line num="722" type="stmt" count="0"/>
      <line num="723" type="stmt" count="0"/>
      <line num="724" type="stmt" count="0"/>
      <line num="726" type="stmt" count="0"/>
      <line num="728" type="stmt" count="0"/>
      <line num="729" type="stmt" count="0"/>
      <line num="730" type="stmt" count="0"/>
      <line num="731" type="stmt" count="0"/>
      <line num="733" type="stmt" count="0"/>
      <line num="735" type="stmt" count="0"/>
      <line num="736" type="stmt" count="0"/>
      <line num="737" type="stmt" count="0"/>
      <line num="738" type="stmt" count="0"/>
      <line num="740" type="stmt" count="0"/>
      <line num="742" type="stmt" count="0"/>
      <line num="743" type="stmt" count="0"/>
      <line num="744" type="stmt" count="0"/>
      <line num="745" type="stmt" count="0"/>
      <line num="747" type="stmt" count="0"/>
      <line num="749" type="stmt" count="0"/>
      <line num="750" type="stmt" count="0"/>
      <line num="751" type="stmt" count="0"/>
      <line num="752" type="stmt" count="0"/>
      <line num="753" type="stmt" count="0"/>
      <line num="754" type="stmt" count="0"/>
      <line num="755" type="stmt" count="0"/>
      <line num="756" type="stmt" count="0"/>
      <line num="758" type="stmt" count="0"/>
      <line num="759" type="stmt" count="0"/>
      <line num="760" type="stmt" count="0"/>
      <line num="761" type="stmt" count="0"/>
      <line num="763" type="stmt" count="0"/>
      <line num="765" type="stmt" count="0"/>
      <line num="767" type="stmt" count="0"/>
      <line num="768" type="stmt" count="0"/>
      <line num="769" type="stmt" count="0"/>
      <line num="770" type="stmt" count="0"/>
      <line num="772" type="stmt" count="0"/>
      <line num="774" type="stmt" count="0"/>
      <line num="775" type="stmt" count="0"/>
      <line num="776" type="stmt" count="0"/>
      <line num="777" type="stmt" count="0"/>
      <line num="779" type="stmt" count="0"/>
      <line num="781" type="stmt" count="0"/>
      <line num="782" type="stmt" count="0"/>
      <line num="783" type="stmt" count="0"/>
      <line num="784" type="stmt" count="0"/>
      <line num="786" type="stmt" count="0"/>
      <line num="788" type="stmt" count="0"/>
      <line num="789" type="stmt" count="0"/>
      <line num="790" type="stmt" count="0"/>
      <line num="791" type="stmt" count="0"/>
      <line num="792" type="stmt" count="0"/>
      <line num="793" type="stmt" count="0"/>
      <line num="794" type="stmt" count="0"/>
      <line num="795" type="stmt" count="0"/>
      <line num="797" type="stmt" count="0"/>
      <line num="798" type="stmt" count="0"/>
      <line num="799" type="stmt" count="0"/>
      <line num="800" type="stmt" count="0"/>
      <line num="802" type="stmt" count="0"/>
      <line num="804" type="stmt" count="0"/>
      <line num="806" type="stmt" count="0"/>
      <line num="807" type="stmt" count="0"/>
      <line num="808" type="stmt" count="0"/>
      <line num="809" type="stmt" count="0"/>
      <line num="810" type="stmt" count="0"/>
      <line num="811" type="stmt" count="0"/>
      <line num="812" type="stmt" count="0"/>
      <line num="813" type="stmt" count="0"/>
      <line num="815" type="stmt" count="0"/>
      <line num="816" type="stmt" count="0"/>
      <line num="817" type="stmt" count="0"/>
      <line num="818" type="stmt" count="0"/>
      <line num="820" type="stmt" count="0"/>
      <line num="822" type="stmt" count="0"/>
      <line num="824" type="stmt" count="0"/>
      <line num="826" type="stmt" count="0"/>
      <line num="827" type="stmt" count="0"/>
      <line num="829" type="stmt" count="0"/>
      <line num="831" type="stmt" count="0"/>
      <line num="832" type="stmt" count="0"/>
      <line num="835" type="method" name="write" visibility="public" complexity="18" crap="35.09" count="1"/>
      <line num="836" type="stmt" count="1"/>
      <line num="837" type="stmt" count="1"/>
      <line num="838" type="stmt" count="1"/>
      <line num="839" type="stmt" count="1"/>
      <line num="840" type="stmt" count="1"/>
      <line num="841" type="stmt" count="1"/>
      <line num="843" type="stmt" count="1"/>
      <line num="844" type="stmt" count="1"/>
      <line num="845" type="stmt" count="1"/>
      <line num="846" type="stmt" count="1"/>
      <line num="848" type="stmt" count="1"/>
      <line num="849" type="stmt" count="1"/>
      <line num="850" type="stmt" count="1"/>
      <line num="851" type="stmt" count="1"/>
      <line num="853" type="stmt" count="1"/>
      <line num="854" type="stmt" count="1"/>
      <line num="855" type="stmt" count="1"/>
      <line num="856" type="stmt" count="1"/>
      <line num="858" type="stmt" count="1"/>
      <line num="859" type="stmt" count="1"/>
      <line num="860" type="stmt" count="1"/>
      <line num="861" type="stmt" count="1"/>
      <line num="863" type="stmt" count="1"/>
      <line num="864" type="stmt" count="0"/>
      <line num="865" type="stmt" count="0"/>
      <line num="867" type="stmt" count="0"/>
      <line num="869" type="stmt" count="0"/>
      <line num="871" type="stmt" count="0"/>
      <line num="873" type="stmt" count="0"/>
      <line num="876" type="stmt" count="0"/>
      <line num="878" type="stmt" count="0"/>
      <line num="880" type="stmt" count="1"/>
      <line num="881" type="stmt" count="1"/>
      <line num="882" type="stmt" count="1"/>
      <line num="883" type="stmt" count="1"/>
      <line num="885" type="stmt" count="1"/>
      <line num="886" type="stmt" count="1"/>
      <line num="887" type="stmt" count="1"/>
      <line num="888" type="stmt" count="1"/>
      <line num="890" type="stmt" count="1"/>
      <line num="891" type="stmt" count="1"/>
      <line num="892" type="stmt" count="1"/>
      <line num="893" type="stmt" count="1"/>
      <line num="895" type="stmt" count="1"/>
      <line num="896" type="stmt" count="0"/>
      <line num="897" type="stmt" count="0"/>
      <line num="899" type="stmt" count="0"/>
      <line num="901" type="stmt" count="0"/>
      <line num="903" type="stmt" count="0"/>
      <line num="905" type="stmt" count="0"/>
      <line num="908" type="stmt" count="0"/>
      <line num="910" type="stmt" count="0"/>
      <line num="912" type="stmt" count="1"/>
      <line num="913" type="stmt" count="0"/>
      <line num="914" type="stmt" count="0"/>
      <line num="916" type="stmt" count="0"/>
      <line num="918" type="stmt" count="0"/>
      <line num="920" type="stmt" count="0"/>
      <line num="922" type="stmt" count="0"/>
      <line num="925" type="stmt" count="0"/>
      <line num="927" type="stmt" count="0"/>
      <line num="929" type="stmt" count="1"/>
      <line num="930" type="stmt" count="1"/>
      <line num="931" type="stmt" count="1"/>
      <line num="966" type="method" name="__construct" visibility="public" complexity="4" crap="4" count="7"/>
      <line num="967" type="stmt" count="7"/>
      <line num="968" type="stmt" count="7"/>
      <line num="969" type="stmt" count="7"/>
      <line num="971" type="stmt" count="7"/>
      <line num="972" type="stmt" count="6"/>
      <line num="977" type="method" name="getName" visibility="public" complexity="1" crap="2" count="0"/>
      <line num="978" type="stmt" count="0"/>
      <line num="981" type="method" name="read" visibility="public" complexity="9" crap="90" count="0"/>
      <line num="983" type="stmt" count="0"/>
      <line num="984" type="stmt" count="0"/>
      <line num="985" type="stmt" count="0"/>
      <line num="986" type="stmt" count="0"/>
      <line num="987" type="stmt" count="0"/>
      <line num="988" type="stmt" count="0"/>
      <line num="990" type="stmt" count="0"/>
      <line num="991" type="stmt" count="0"/>
      <line num="992" type="stmt" count="0"/>
      <line num="996" type="stmt" count="0"/>
      <line num="997" type="stmt" count="0"/>
      <line num="998" type="stmt" count="0"/>
      <line num="1000" type="stmt" count="0"/>
      <line num="1002" type="stmt" count="0"/>
      <line num="1003" type="stmt" count="0"/>
      <line num="1004" type="stmt" count="0"/>
      <line num="1005" type="stmt" count="0"/>
      <line num="1006" type="stmt" count="0"/>
      <line num="1007" type="stmt" count="0"/>
      <line num="1008" type="stmt" count="0"/>
      <line num="1009" type="stmt" count="0"/>
      <line num="1011" type="stmt" count="0"/>
      <line num="1012" type="stmt" count="0"/>
      <line num="1013" type="stmt" count="0"/>
      <line num="1014" type="stmt" count="0"/>
      <line num="1016" type="stmt" count="0"/>
      <line num="1018" type="stmt" count="0"/>
      <line num="1020" type="stmt" count="0"/>
      <line num="1022" type="stmt" count="0"/>
      <line num="1023" type="stmt" count="0"/>
      <line num="1025" type="stmt" count="0"/>
      <line num="1027" type="stmt" count="0"/>
      <line num="1028" type="stmt" count="0"/>
      <line num="1031" type="method" name="write" visibility="public" complexity="5" crap="7.19" count="1"/>
      <line num="1032" type="stmt" count="1"/>
      <line num="1033" type="stmt" count="1"/>
      <line num="1034" type="stmt" count="1"/>
      <line num="1035" type="stmt" count="1"/>
      <line num="1036" type="stmt" count="1"/>
      <line num="1037" type="stmt" count="1"/>
      <line num="1039" type="stmt" count="1"/>
      <line num="1040" type="stmt" count="0"/>
      <line num="1041" type="stmt" count="0"/>
      <line num="1043" type="stmt" count="0"/>
      <line num="1045" type="stmt" count="0"/>
      <line num="1047" type="stmt" count="0"/>
      <line num="1049" type="stmt" count="0"/>
      <line num="1052" type="stmt" count="0"/>
      <line num="1054" type="stmt" count="0"/>
      <line num="1056" type="stmt" count="1"/>
      <line num="1057" type="stmt" count="1"/>
      <line num="1058" type="stmt" count="1"/>
      <line num="1094" type="method" name="__construct" visibility="public" complexity="4" crap="4" count="4"/>
      <line num="1095" type="stmt" count="4"/>
      <line num="1096" type="stmt" count="4"/>
      <line num="1097" type="stmt" count="4"/>
      <line num="1099" type="stmt" count="4"/>
      <line num="1100" type="stmt" count="4"/>
      <line num="1105" type="method" name="getName" visibility="public" complexity="1" crap="2" count="0"/>
      <line num="1106" type="stmt" count="0"/>
      <line num="1109" type="method" name="read" visibility="public" complexity="9" crap="90" count="0"/>
      <line num="1111" type="stmt" count="0"/>
      <line num="1112" type="stmt" count="0"/>
      <line num="1113" type="stmt" count="0"/>
      <line num="1114" type="stmt" count="0"/>
      <line num="1115" type="stmt" count="0"/>
      <line num="1116" type="stmt" count="0"/>
      <line num="1118" type="stmt" count="0"/>
      <line num="1119" type="stmt" count="0"/>
      <line num="1120" type="stmt" count="0"/>
      <line num="1124" type="stmt" count="0"/>
      <line num="1125" type="stmt" count="0"/>
      <line num="1126" type="stmt" count="0"/>
      <line num="1127" type="stmt" count="0"/>
      <line num="1129" type="stmt" count="0"/>
      <line num="1131" type="stmt" count="0"/>
      <line num="1132" type="stmt" count="0"/>
      <line num="1133" type="stmt" count="0"/>
      <line num="1134" type="stmt" count="0"/>
      <line num="1135" type="stmt" count="0"/>
      <line num="1136" type="stmt" count="0"/>
      <line num="1137" type="stmt" count="0"/>
      <line num="1138" type="stmt" count="0"/>
      <line num="1140" type="stmt" count="0"/>
      <line num="1141" type="stmt" count="0"/>
      <line num="1142" type="stmt" count="0"/>
      <line num="1143" type="stmt" count="0"/>
      <line num="1145" type="stmt" count="0"/>
      <line num="1147" type="stmt" count="0"/>
      <line num="1149" type="stmt" count="0"/>
      <line num="1151" type="stmt" count="0"/>
      <line num="1152" type="stmt" count="0"/>
      <line num="1154" type="stmt" count="0"/>
      <line num="1156" type="stmt" count="0"/>
      <line num="1157" type="stmt" count="0"/>
      <line num="1160" type="method" name="write" visibility="public" complexity="6" crap="6.04" count="1"/>
      <line num="1161" type="stmt" count="1"/>
      <line num="1162" type="stmt" count="1"/>
      <line num="1163" type="stmt" count="1"/>
      <line num="1164" type="stmt" count="1"/>
      <line num="1165" type="stmt" count="0"/>
      <line num="1167" type="stmt" count="1"/>
      <line num="1168" type="stmt" count="1"/>
      <line num="1169" type="stmt" count="1"/>
      <line num="1171" type="stmt" count="1"/>
      <line num="1172" type="stmt" count="1"/>
      <line num="1173" type="stmt" count="0"/>
      <line num="1175" type="stmt" count="1"/>
      <line num="1177" type="stmt" count="1"/>
      <line num="1179" type="stmt" count="1"/>
      <line num="1181" type="stmt" count="1"/>
      <line num="1184" type="stmt" count="1"/>
      <line num="1186" type="stmt" count="1"/>
      <line num="1188" type="stmt" count="1"/>
      <line num="1189" type="stmt" count="1"/>
      <line num="1190" type="stmt" count="1"/>
      <line num="1211" type="method" name="__construct" visibility="public" complexity="3" crap="12" count="0"/>
      <line num="1212" type="stmt" count="0"/>
      <line num="1213" type="stmt" count="0"/>
      <line num="1214" type="stmt" count="0"/>
      <line num="1219" type="method" name="getName" visibility="public" complexity="1" crap="2" count="0"/>
      <line num="1220" type="stmt" count="0"/>
      <line num="1223" type="method" name="read" visibility="public" complexity="6" crap="42" count="0"/>
      <line num="1225" type="stmt" count="0"/>
      <line num="1226" type="stmt" count="0"/>
      <line num="1227" type="stmt" count="0"/>
      <line num="1228" type="stmt" count="0"/>
      <line num="1229" type="stmt" count="0"/>
      <line num="1230" type="stmt" count="0"/>
      <line num="1232" type="stmt" count="0"/>
      <line num="1233" type="stmt" count="0"/>
      <line num="1234" type="stmt" count="0"/>
      <line num="1238" type="stmt" count="0"/>
      <line num="1239" type="stmt" count="0"/>
      <line num="1240" type="stmt" count="0"/>
      <line num="1242" type="stmt" count="0"/>
      <line num="1244" type="stmt" count="0"/>
      <line num="1246" type="stmt" count="0"/>
      <line num="1247" type="stmt" count="0"/>
      <line num="1249" type="stmt" count="0"/>
      <line num="1251" type="stmt" count="0"/>
      <line num="1252" type="stmt" count="0"/>
      <line num="1255" type="method" name="write" visibility="public" complexity="2" crap="6" count="0"/>
      <line num="1256" type="stmt" count="0"/>
      <line num="1257" type="stmt" count="0"/>
      <line num="1258" type="stmt" count="0"/>
      <line num="1259" type="stmt" count="0"/>
      <line num="1260" type="stmt" count="0"/>
      <line num="1261" type="stmt" count="0"/>
      <line num="1263" type="stmt" count="0"/>
      <line num="1264" type="stmt" count="0"/>
      <line num="1265" type="stmt" count="0"/>
      <metrics loc="1271" ncloc="1178" classes="7" methods="28" coveredmethods="4" conditionals="0" coveredconditionals="0" statements="556" coveredstatements="117" elements="584" coveredelements="121"/>
    </file>
    <metrics files="9" loc="2102" ncloc="1750" classes="16" methods="57" coveredmethods="19" conditionals="0" coveredconditionals="0" statements="753" coveredstatements="229" elements="810" coveredelements="248"/>
  </project>
</coverage>
